<?xml version="1.0" encoding="UTF-8"?>
<!-- Generated by org.testng.reporters.JUnitReportReporter -->
<testsuite skipped="0" hostname="LAPTOP-HID1OCBH" name="Assignment_6.Test_AddUser" tests="1" failures="0" timestamp="2023-01-17T18:14:07 IST" time="36.175" errors="0">
  <testcase name="addUser" time="36.175" classname="Assignment_6.Test_AddUser"/>
  <system-out/>
</testsuite> <!-- Assignment_6.Test_AddUser -->
